2025-08-11 05:07:29,506 - scripts.utils - INFO - ==================================================
2025-08-11 05:07:29,506 - scripts.utils - INFO - 开始执行基金信号分析任务
2025-08-11 05:07:29,506 - scripts.utils - INFO - ==================================================
2025-08-11 05:07:29,506 - scripts.utils - INFO - 开始爬取基金历史数据
2025-08-11 05:07:29,506 - scripts.utils - INFO - 处理基金: 华夏成长(000001)
2025-08-11 05:07:31,162 - scripts.utils - WARNING - 获取基金历史异常: 000001 - name 'BeautifulSoup' is not defined
2025-08-11 05:07:31,162 - scripts.utils - WARNING - 基金 华夏成长(000001) 无历史数据
2025-08-11 05:07:31,162 - scripts.utils - INFO - 处理基金: 易方达消费行业(110022)
2025-08-11 05:07:31,526 - scripts.utils - WARNING - 获取基金历史异常: 110022 - name 'BeautifulSoup' is not defined
2025-08-11 05:07:31,526 - scripts.utils - WARNING - 基金 易方达消费行业(110022) 无历史数据
2025-08-11 05:07:31,526 - scripts.utils - INFO - 处理基金: 富国天惠精选成长(161005)
2025-08-11 05:07:31,897 - scripts.utils - WARNING - 获取基金历史异常: 161005 - name 'BeautifulSoup' is not defined
2025-08-11 05:07:31,897 - scripts.utils - WARNING - 基金 富国天惠精选成长(161005) 无历史数据
2025-08-11 05:07:31,898 - scripts.utils - INFO - 处理基金: 景顺长城新兴成长(260108)
2025-08-11 05:07:32,251 - scripts.utils - WARNING - 获取基金历史异常: 260108 - name 'BeautifulSoup' is not defined
2025-08-11 05:07:32,251 - scripts.utils - WARNING - 基金 景顺长城新兴成长(260108) 无历史数据
2025-08-11 05:07:32,251 - scripts.utils - INFO - 处理基金: 中欧医疗健康(003095)
2025-08-11 05:07:32,602 - scripts.utils - WARNING - 获取基金历史异常: 003095 - name 'BeautifulSoup' is not defined
2025-08-11 05:07:32,602 - scripts.utils - WARNING - 基金 中欧医疗健康(003095) 无历史数据
2025-08-11 05:07:32,602 - scripts.utils - INFO - 处理基金: 汇添富价值精选(519069)
2025-08-11 05:07:32,894 - scripts.utils - WARNING - 获取基金历史异常: 519069 - name 'BeautifulSoup' is not defined
2025-08-11 05:07:32,894 - scripts.utils - WARNING - 基金 汇添富价值精选(519069) 无历史数据
2025-08-11 05:07:32,894 - scripts.utils - INFO - 处理基金: 嘉实新兴产业(000751)
2025-08-11 05:07:33,202 - scripts.utils - WARNING - 获取基金历史异常: 000751 - name 'BeautifulSoup' is not defined
2025-08-11 05:07:33,202 - scripts.utils - WARNING - 基金 嘉实新兴产业(000751) 无历史数据
2025-08-11 05:07:33,202 - scripts.utils - INFO - 处理基金: 南方优选成长(202023)
2025-08-11 05:07:33,549 - scripts.utils - WARNING - 获取基金历史异常: 202023 - name 'BeautifulSoup' is not defined
2025-08-11 05:07:33,549 - scripts.utils - WARNING - 基金 南方优选成长(202023) 无历史数据
2025-08-11 05:07:33,549 - scripts.utils - INFO - 处理基金: 工银瑞信前沿医疗(001717)
2025-08-11 05:07:33,886 - scripts.utils - WARNING - 获取基金历史异常: 001717 - name 'BeautifulSoup' is not defined
2025-08-11 05:07:33,886 - scripts.utils - WARNING - 基金 工银瑞信前沿医疗(001717) 无历史数据
2025-08-11 05:07:33,887 - scripts.utils - INFO - 处理基金: 广发稳健增长(270002)
2025-08-11 05:07:34,193 - scripts.utils - WARNING - 获取基金历史异常: 270002 - name 'BeautifulSoup' is not defined
2025-08-11 05:07:34,193 - scripts.utils - WARNING - 基金 广发稳健增长(270002) 无历史数据
2025-08-11 05:07:34,193 - scripts.utils - INFO - 处理基金: 兴全合润混合(163406)
2025-08-11 05:07:34,484 - scripts.utils - WARNING - 获取基金历史异常: 163406 - name 'BeautifulSoup' is not defined
2025-08-11 05:07:34,484 - scripts.utils - WARNING - 基金 兴全合润混合(163406) 无历史数据
2025-08-11 05:07:34,484 - scripts.utils - INFO - 处理基金: 招商中证白酒(161725)
2025-08-11 05:07:34,910 - scripts.utils - WARNING - 获取基金历史异常: 161725 - name 'BeautifulSoup' is not defined
2025-08-11 05:07:34,911 - scripts.utils - WARNING - 基金 招商中证白酒(161725) 无历史数据
2025-08-11 05:07:34,911 - scripts.utils - INFO - 处理基金: 诺安成长混合(320007)
2025-08-11 05:07:35,220 - scripts.utils - WARNING - 获取基金历史异常: 320007 - name 'BeautifulSoup' is not defined
2025-08-11 05:07:35,220 - scripts.utils - WARNING - 基金 诺安成长混合(320007) 无历史数据
2025-08-11 05:07:35,220 - scripts.utils - INFO - 处理基金: 天弘沪深300(000961)
2025-08-11 05:07:35,520 - scripts.utils - WARNING - 获取基金历史异常: 000961 - name 'BeautifulSoup' is not defined
2025-08-11 05:07:35,521 - scripts.utils - WARNING - 基金 天弘沪深300(000961) 无历史数据
2025-08-11 05:07:35,521 - scripts.utils - INFO - 处理基金: 华安媒体互联网(001071)
2025-08-11 05:07:35,831 - scripts.utils - WARNING - 获取基金历史异常: 001071 - name 'BeautifulSoup' is not defined
2025-08-11 05:07:35,831 - scripts.utils - WARNING - 基金 华安媒体互联网(001071) 无历史数据
2025-08-11 05:07:35,831 - scripts.utils - INFO - 完成基金信号分析，共处理 0 只基金
2025-08-11 05:07:35,831 - scripts.utils - ERROR - 基金数据爬取失败
