2025-08-14 17:55:51 - FundAnalysis - ERROR - logger.py:99 - 请求失败 http://fund.eastmoney.com/js/fundcode_search.js - 530 Server Error: <none> for url: http://fund.eastmoney.com/js/fundcode_search.js
2025-08-14 17:55:53 - FundAnalysis - ERROR - logger.py:99 - 请求失败 http://fund.eastmoney.com/js/fundcode_search.js - 530 Server Error: <none> for url: http://fund.eastmoney.com/js/fundcode_search.js
2025-08-14 17:55:57 - FundAnalysis - ERROR - logger.py:99 - 请求失败 http://fund.eastmoney.com/js/fundcode_search.js - 530 Server Error: <none> for url: http://fund.eastmoney.com/js/fundcode_search.js
2025-08-14 17:55:57 - FundAnalysis - ERROR - logger.py:99 - 获取东方财富基金列表失败: 530 Server Error: <none> for url: http://fund.eastmoney.com/js/fundcode_search.js
2025-08-14 17:56:02 - FundAnalysis - ERROR - logger.py:99 - 获取基金519674历史数据失败: module 'akshare' has no attribute 'fund_em_open_fund_info'
2025-08-14 17:56:02 - FundAnalysis - ERROR - logger.py:99 - 请求失败 http://fundgz.1234567.com.cn/js/000011.js - 403 Client Error: Forbidden for url: http://fundgz.1234567.com.cn/js/000011.js
2025-08-14 17:56:08 - FundAnalysis - ERROR - logger.py:99 - 获取基金000001历史数据失败: module 'akshare' has no attribute 'fund_em_open_fund_info'
2025-08-14 17:56:20 - FundAnalysis - ERROR - logger.py:99 - 获取基金320007历史数据失败: module 'akshare' has no attribute 'fund_em_open_fund_info'
2025-08-14 17:56:31 - FundAnalysis - ERROR - logger.py:99 - 获取基金100032历史数据失败: module 'akshare' has no attribute 'fund_em_open_fund_info'
2025-08-14 18:01:23 - FundAnalysis - ERROR - logger.py:99 - 获取基金161725历史数据失败: module 'akshare' has no attribute 'fund_em_open_fund_info'
2025-08-14 18:50:19 - FundAnalysis - ERROR - logger.py:99 - WebScraper 所有请求尝试失败
2025-08-14 18:51:28 - FundAnalysis - ERROR - logger.py:99 - 分析基金 000513 失败: EnhancedFundCrawler.get_fund_news() got an unexpected keyword argument 'days'
2025-08-14 18:51:29 - FundAnalysis - ERROR - logger.py:99 - 分析基金 000593 失败: EnhancedFundCrawler.get_fund_news() got an unexpected keyword argument 'days'
2025-08-14 18:51:37 - FundAnalysis - ERROR - logger.py:99 - 分析基金 000514 失败: EnhancedFundCrawler.get_fund_news() got an unexpected keyword argument 'days'
2025-08-14 18:51:38 - FundAnalysis - ERROR - logger.py:99 - 分析基金 000686 失败: EnhancedFundCrawler.get_fund_news() got an unexpected keyword argument 'days'
2025-08-14 18:51:39 - FundAnalysis - ERROR - logger.py:99 - 分析基金 000767 失败: EnhancedFundCrawler.get_fund_news() got an unexpected keyword argument 'days'
2025-08-14 18:51:40 - FundAnalysis - ERROR - logger.py:99 - 分析基金 000856 失败: EnhancedFundCrawler.get_fund_news() got an unexpected keyword argument 'days'
2025-08-14 18:51:47 - FundAnalysis - ERROR - logger.py:99 - 分析基金 000516 失败: EnhancedFundCrawler.get_fund_news() got an unexpected keyword argument 'days'
2025-08-14 18:51:48 - FundAnalysis - ERROR - logger.py:99 - 分析基金 000595 失败: EnhancedFundCrawler.get_fund_news() got an unexpected keyword argument 'days'
2025-08-14 18:51:56 - FundAnalysis - ERROR - logger.py:99 - 分析基金 001279 失败: EnhancedFundCrawler.get_fund_news() got an unexpected keyword argument 'days'
2025-08-14 18:52:04 - FundAnalysis - ERROR - logger.py:99 - 分析基金 000517 失败: EnhancedFundCrawler.get_fund_news() got an unexpected keyword argument 'days'
2025-08-14 18:52:05 - FundAnalysis - ERROR - logger.py:99 - 分析基金 000596 失败: EnhancedFundCrawler.get_fund_news() got an unexpected keyword argument 'days'
2025-08-14 18:52:06 - FundAnalysis - ERROR - logger.py:99 - 分析基金 000688 失败: EnhancedFundCrawler.get_fund_news() got an unexpected keyword argument 'days'
2025-08-14 18:52:07 - FundAnalysis - ERROR - logger.py:99 - 分析基金 000860 失败: EnhancedFundCrawler.get_fund_news() got an unexpected keyword argument 'days'
2025-08-14 18:52:17 - FundAnalysis - ERROR - logger.py:99 - 分析基金 000520 失败: EnhancedFundCrawler.get_fund_news() got an unexpected keyword argument 'days'
2025-08-14 18:52:18 - FundAnalysis - ERROR - logger.py:99 - 分析基金 000597 失败: EnhancedFundCrawler.get_fund_news() got an unexpected keyword argument 'days'
2025-08-14 18:52:24 - FundAnalysis - ERROR - logger.py:99 - 分析基金 000948 失败: EnhancedFundCrawler.get_fund_news() got an unexpected keyword argument 'days'
2025-08-14 18:52:28 - FundAnalysis - ERROR - logger.py:99 - 分析基金 001332 失败: EnhancedFundCrawler.get_fund_news() got an unexpected keyword argument 'days'
2025-08-14 18:52:31 - FundAnalysis - ERROR - logger.py:99 - 分析基金 000521 失败: EnhancedFundCrawler.get_fund_news() got an unexpected keyword argument 'days'
2025-08-14 18:52:32 - FundAnalysis - ERROR - logger.py:99 - 分析基金 000598 失败: EnhancedFundCrawler.get_fund_news() got an unexpected keyword argument 'days'
2025-08-14 18:52:32 - FundAnalysis - ERROR - logger.py:99 - 分析基金 000690 失败: EnhancedFundCrawler.get_fund_news() got an unexpected keyword argument 'days'
2025-08-14 18:52:34 - FundAnalysis - ERROR - logger.py:99 - 分析基金 000778 失败: EnhancedFundCrawler.get_fund_news() got an unexpected keyword argument 'days'
2025-08-14 18:52:35 - FundAnalysis - ERROR - logger.py:99 - 分析基金 000862 失败: EnhancedFundCrawler.get_fund_news() got an unexpected keyword argument 'days'
2025-08-14 18:52:36 - FundAnalysis - ERROR - logger.py:99 - 分析基金 000950 失败: EnhancedFundCrawler.get_fund_news() got an unexpected keyword argument 'days'
2025-08-14 18:52:45 - FundAnalysis - ERROR - logger.py:99 - 分析基金 000599 失败: EnhancedFundCrawler.get_fund_news() got an unexpected keyword argument 'days'
2025-08-14 18:52:48 - FundAnalysis - ERROR - logger.py:99 - 分析基金 000692 失败: EnhancedFundCrawler.get_fund_news() got an unexpected keyword argument 'days'
2025-08-14 18:52:48 - FundAnalysis - ERROR - logger.py:99 - 分析基金 000779 失败: EnhancedFundCrawler.get_fund_news() got an unexpected keyword argument 'days'
2025-08-14 18:52:50 - FundAnalysis - ERROR - logger.py:99 - 分析基金 000863 失败: EnhancedFundCrawler.get_fund_news() got an unexpected keyword argument 'days'
2025-08-14 18:52:50 - FundAnalysis - ERROR - logger.py:99 - 分析基金 000955 失败: EnhancedFundCrawler.get_fund_news() got an unexpected keyword argument 'days'
2025-08-14 18:52:58 - FundAnalysis - ERROR - logger.py:99 - 分析基金 000523 失败: EnhancedFundCrawler.get_fund_news() got an unexpected keyword argument 'days'
2025-08-14 18:52:59 - FundAnalysis - ERROR - logger.py:99 - 分析基金 000600 失败: EnhancedFundCrawler.get_fund_news() got an unexpected keyword argument 'days'
2025-08-14 18:53:04 - FundAnalysis - ERROR - logger.py:99 - 分析基金 000960 失败: EnhancedFundCrawler.get_fund_news() got an unexpected keyword argument 'days'
2025-08-14 18:53:14 - FundAnalysis - ERROR - logger.py:99 - 分析基金 000524 失败: EnhancedFundCrawler.get_fund_news() got an unexpected keyword argument 'days'
2025-08-14 18:53:15 - FundAnalysis - ERROR - logger.py:99 - 分析基金 000601 失败: EnhancedFundCrawler.get_fund_news() got an unexpected keyword argument 'days'
2025-08-14 18:53:16 - FundAnalysis - ERROR - logger.py:99 - 分析基金 000783 失败: EnhancedFundCrawler.get_fund_news() got an unexpected keyword argument 'days'
2025-08-14 18:53:27 - FundAnalysis - ERROR - logger.py:99 - 分析基金 000526 失败: EnhancedFundCrawler.get_fund_news() got an unexpected keyword argument 'days'
2025-08-14 18:53:31 - FundAnalysis - ERROR - logger.py:99 - 分析基金 000868 失败: EnhancedFundCrawler.get_fund_news() got an unexpected keyword argument 'days'
2025-08-14 18:53:31 - FundAnalysis - ERROR - logger.py:99 - 分析基金 000962 失败: EnhancedFundCrawler.get_fund_news() got an unexpected keyword argument 'days'
2025-08-14 18:53:38 - FundAnalysis - ERROR - logger.py:99 - 分析基金 000402 失败: EnhancedFundCrawler.get_fund_news() got an unexpected keyword argument 'days'
2025-08-14 18:53:40 - FundAnalysis - ERROR - logger.py:99 - 分析基金 000603 失败: EnhancedFundCrawler.get_fund_news() got an unexpected keyword argument 'days'
2025-08-14 18:53:40 - FundAnalysis - ERROR - logger.py:99 - 分析基金 000697 失败: EnhancedFundCrawler.get_fund_news() got an unexpected keyword argument 'days'
2025-08-14 18:53:42 - FundAnalysis - ERROR - logger.py:99 - 分析基金 000785 失败: EnhancedFundCrawler.get_fund_news() got an unexpected keyword argument 'days'
2025-08-14 18:53:42 - FundAnalysis - ERROR - logger.py:99 - 分析基金 000869 失败: EnhancedFundCrawler.get_fund_news() got an unexpected keyword argument 'days'
2025-08-14 18:53:43 - FundAnalysis - ERROR - logger.py:99 - 分析基金 000963 失败: EnhancedFundCrawler.get_fund_news() got an unexpected keyword argument 'days'
2025-08-14 18:53:49 - FundAnalysis - ERROR - logger.py:99 - 分析基金 000300 失败: EnhancedFundCrawler.get_fund_news() got an unexpected keyword argument 'days'
2025-08-14 18:53:50 - FundAnalysis - ERROR - logger.py:99 - 分析基金 000403 失败: EnhancedFundCrawler.get_fund_news() got an unexpected keyword argument 'days'
2025-08-14 18:53:51 - FundAnalysis - ERROR - logger.py:99 - 分析基金 000528 失败: EnhancedFundCrawler.get_fund_news() got an unexpected keyword argument 'days'
2025-08-14 18:53:54 - FundAnalysis - ERROR - logger.py:99 - 分析基金 000698 失败: EnhancedFundCrawler.get_fund_news() got an unexpected keyword argument 'days'
2025-08-14 18:53:54 - FundAnalysis - ERROR - logger.py:99 - 分析基金 000786 失败: EnhancedFundCrawler.get_fund_news() got an unexpected keyword argument 'days'
2025-08-14 18:53:56 - FundAnalysis - ERROR - logger.py:99 - 分析基金 000965 失败: EnhancedFundCrawler.get_fund_news() got an unexpected keyword argument 'days'
2025-08-14 18:54:01 - FundAnalysis - ERROR - logger.py:99 - 分析基金 000301 失败: EnhancedFundCrawler.get_fund_news() got an unexpected keyword argument 'days'
2025-08-14 18:54:02 - FundAnalysis - ERROR - logger.py:99 - 分析基金 000404 失败: EnhancedFundCrawler.get_fund_news() got an unexpected keyword argument 'days'
2025-08-14 18:54:03 - FundAnalysis - ERROR - logger.py:99 - 分析基金 000529 失败: EnhancedFundCrawler.get_fund_news() got an unexpected keyword argument 'days'
2025-08-14 18:54:05 - FundAnalysis - ERROR - logger.py:99 - 分析基金 000605 失败: EnhancedFundCrawler.get_fund_news() got an unexpected keyword argument 'days'
2025-08-14 18:54:09 - FundAnalysis - ERROR - logger.py:99 - 分析基金 000966 失败: EnhancedFundCrawler.get_fund_news() got an unexpected keyword argument 'days'
2025-08-14 18:54:15 - FundAnalysis - ERROR - logger.py:99 - 分析基金 000530 失败: EnhancedFundCrawler.get_fund_news() got an unexpected keyword argument 'days'
2025-08-14 18:54:17 - FundAnalysis - ERROR - logger.py:99 - 分析基金 000700 失败: EnhancedFundCrawler.get_fund_news() got an unexpected keyword argument 'days'
2025-08-14 18:54:19 - FundAnalysis - ERROR - logger.py:99 - 分析基金 000788 失败: EnhancedFundCrawler.get_fund_news() got an unexpected keyword argument 'days'
2025-08-14 18:54:20 - FundAnalysis - ERROR - logger.py:99 - 分析基金 000967 失败: EnhancedFundCrawler.get_fund_news() got an unexpected keyword argument 'days'
2025-08-14 18:54:24 - FundAnalysis - ERROR - logger.py:99 - 分析基金 001216 失败: EnhancedFundCrawler.get_fund_news() got an unexpected keyword argument 'days'
2025-08-14 18:54:27 - FundAnalysis - ERROR - logger.py:99 - 分析基金 000407 失败: EnhancedFundCrawler.get_fund_news() got an unexpected keyword argument 'days'
2025-08-14 18:54:28 - FundAnalysis - ERROR - logger.py:99 - 分析基金 000531 失败: EnhancedFundCrawler.get_fund_news() got an unexpected keyword argument 'days'
2025-08-14 18:54:28 - FundAnalysis - ERROR - logger.py:99 - 分析基金 000607 失败: EnhancedFundCrawler.get_fund_news() got an unexpected keyword argument 'days'
2025-08-14 18:54:30 - FundAnalysis - ERROR - logger.py:99 - 分析基金 000701 失败: EnhancedFundCrawler.get_fund_news() got an unexpected keyword argument 'days'
2025-08-14 18:54:31 - FundAnalysis - ERROR - logger.py:99 - 分析基金 000789 失败: EnhancedFundCrawler.get_fund_news() got an unexpected keyword argument 'days'
2025-08-14 18:54:33 - FundAnalysis - ERROR - logger.py:99 - 分析基金 000968 失败: EnhancedFundCrawler.get_fund_news() got an unexpected keyword argument 'days'
2025-08-14 18:54:36 - FundAnalysis - ERROR - logger.py:99 - 分析基金 001335 失败: EnhancedFundCrawler.get_fund_news() got an unexpected keyword argument 'days'
2025-08-14 18:54:39 - FundAnalysis - ERROR - logger.py:99 - 分析基金 000408 失败: EnhancedFundCrawler.get_fund_news() got an unexpected keyword argument 'days'
2025-08-14 18:54:41 - FundAnalysis - ERROR - logger.py:99 - 分析基金 000532 失败: EnhancedFundCrawler.get_fund_news() got an unexpected keyword argument 'days'
2025-08-14 18:54:42 - FundAnalysis - ERROR - logger.py:99 - 分析基金 000609 失败: EnhancedFundCrawler.get_fund_news() got an unexpected keyword argument 'days'
2025-08-14 18:54:44 - FundAnalysis - ERROR - logger.py:99 - 分析基金 000790 失败: EnhancedFundCrawler.get_fund_news() got an unexpected keyword argument 'days'
2025-08-14 18:54:46 - FundAnalysis - ERROR - logger.py:99 - 分析基金 000969 失败: EnhancedFundCrawler.get_fund_news() got an unexpected keyword argument 'days'
2025-08-14 18:54:55 - FundAnalysis - ERROR - logger.py:99 - 分析基金 000409 失败: EnhancedFundCrawler.get_fund_news() got an unexpected keyword argument 'days'
2025-08-14 18:54:57 - FundAnalysis - ERROR - logger.py:99 - 分析基金 000533 失败: EnhancedFundCrawler.get_fund_news() got an unexpected keyword argument 'days'
2025-08-14 18:54:58 - FundAnalysis - ERROR - logger.py:99 - 分析基金 000612 失败: EnhancedFundCrawler.get_fund_news() got an unexpected keyword argument 'days'
2025-08-14 18:54:58 - FundAnalysis - ERROR - logger.py:99 - 分析基金 000705 失败: EnhancedFundCrawler.get_fund_news() got an unexpected keyword argument 'days'
2025-08-14 18:54:59 - FundAnalysis - ERROR - logger.py:99 - 分析基金 000791 失败: EnhancedFundCrawler.get_fund_news() got an unexpected keyword argument 'days'
2025-08-14 18:55:00 - FundAnalysis - ERROR - logger.py:99 - 分析基金 000875 失败: EnhancedFundCrawler.get_fund_news() got an unexpected keyword argument 'days'
2025-08-14 18:55:01 - FundAnalysis - ERROR - logger.py:99 - 分析基金 000970 失败: EnhancedFundCrawler.get_fund_news() got an unexpected keyword argument 'days'
2025-08-14 18:55:19 - FundAnalysis - ERROR - logger.py:99 - yfinance健康检查失败: Too Many Requests. Rate limited. Try after a while.
2025-08-14 18:55:28 - FundAnalysis - ERROR - logger.py:99 - WebScraper 所有请求尝试失败
